2025-05-07 22:13:08.705 [main] INFO  Console - Trying to connect...
2025-05-07 22:13:08.760 [main] INFO  org.example.clientUtils.ConnectionManager - Sending to localhost:6789: {"requestType":"PING","message":"Ping","args":{}}
2025-05-07 22:13:08.800 [main] INFO  org.example.clientUtils.ConnectionManager - Received from /127.0.0.1:6789: {"responseType":"SYSTEM","message":"Pong"}
2025-05-07 22:13:08.806 [main] INFO  Console - Initializing console commands
2025-05-07 22:13:08.810 [main] INFO  org.example.clientUtils.ConnectionManager - Sending to localhost:6789: {"requestType":"INITIALIZATION","message":"","args":{}}
2025-05-07 22:13:08.813 [main] INFO  org.example.clientUtils.ConnectionManager - Received from /127.0.0.1:6789: {"responseType":"SYSTEM","message":"{\"commands\":{\"add\":\"Adds a new vehicle to the collection\",\"add_if_max\":\"Adds a new vehicle to collection if it's max\",\"avg_of_eng_pw\":\"Returns average engine power of the all collection\",\"clear\":\"Clears the collection\",\"count_gr_than_eng_pw\":\"Return a quantity of objects, which have engPw greater than given\",\"info\":\"Returns info about collection\",\"min_by_fuel\":\"Returns object that is min by fuel type\",\"remove_at\":\"Removes an object from collection with given index\",\"remove_by_id\":\"Removes an object from the collection with given id\",\"remove_greater\":\"Removes all items from collection that have greater engPW than given\",\"show\":\"Returns info about all items from the collection\",\"update_id\":\"Updates a field from item with given id\"},\"arguments\":{\"add\":\"{\\\"vehicle\\\":\\\"Vehicle\\\"}\",\"add_if_max\":\"{\\\"vehicle\\\":\\\"Vehicle\\\"}\",\"avg_of_eng_pw\":\"{}\",\"clear\":\"{}\",\"count_gr_than_eng_pw\":\"{\\\"engPw\\\":\\\"Float\\\"}\",\"info\":\"{}\",\"min_by_fuel\":\"{}\",\"remove_at\":\"{\\\"index\\\":\\\"Int\\\"}\",\"remove_by_id\":\"{\\\"index\\\":\\\"Int\\\"}\",\"remove_greater\":\"{\\\"engPw\\\":\\\"Float\\\"}\",\"show\":\"{}\",\"update_id\":\"{\\\"id\\\":\\\"Int\\\",\\\"field\\\":\\\"String\\\",\\\"value\\\":\\\"String\\\"}\"}}"}
2025-05-07 22:13:08.816 [main] INFO  Console - Registering basic commands
2025-05-07 22:13:08.818 [main] INFO  Console - Connected successfully
2025-05-07 22:13:08.818 [main] INFO  Console - Starting an interactive mode
2025-05-07 22:13:13.525 [main] INFO  org.example.clientUtils.ConnectionManager - Sending to localhost:6789: {"requestType":"COMMAND_EXEC","message":"info","args":{}}
2025-05-07 22:13:13.534 [main] INFO  org.example.clientUtils.ConnectionManager - Received from /127.0.0.1:6789: {"responseType":"OK","message":"Информация о коллекции:\nТип: SynchronizedRandomAccessList<Vehicle>\nДата инициализации: 2025-05-07\nКол-во элементов: 10"}
2025-05-14 23:26:16.474 [main] INFO  Console - Trying to connect...
2025-05-14 23:26:16.513 [main] INFO  org.example.clientUtils.ConnectionManager - Sending to localhost:6789: {"requestType":"PING","message":"Ping","args":{}}
2025-05-14 23:26:21.528 [main] ERROR org.example.clientUtils.ConnectionManager - Ping failed - `5000.0`: Receive timed out
2025-05-14 23:26:23.717 [main] INFO  Console - Trying to connect...
2025-05-14 23:26:23.718 [main] INFO  org.example.clientUtils.ConnectionManager - Sending to localhost:6789: {"requestType":"PING","message":"Ping","args":{}}
2025-05-14 23:26:23.719 [main] INFO  org.example.clientUtils.ConnectionManager - Received from /127.0.0.1:6789: {"responseType":"SYSTEM","message":"Pong"}
2025-05-14 23:26:23.722 [main] INFO  Console - Initializing console commands
2025-05-14 23:26:23.723 [main] INFO  org.example.clientUtils.ConnectionManager - Sending to localhost:6789: {"requestType":"INITIALIZATION","message":"","args":{}}
2025-05-14 23:26:23.723 [main] INFO  org.example.clientUtils.ConnectionManager - Received from /127.0.0.1:6789: {"responseType":"SYSTEM","message":"Pong"}
2025-05-14 23:27:02.103 [main] INFO  Console - Trying to connect...
2025-05-14 23:27:02.130 [main] INFO  org.example.clientUtils.ConnectionManager - Sending to localhost:6789: {"requestType":"PING","message":"Ping","args":{}}
2025-05-14 23:27:07.144 [main] ERROR org.example.clientUtils.ConnectionManager - Ping failed - `5000.0`: Receive timed out
2025-05-14 23:27:08.987 [main] INFO  Console - Trying to connect...
2025-05-14 23:27:08.988 [main] INFO  org.example.clientUtils.ConnectionManager - Sending to localhost:6789: {"requestType":"PING","message":"Ping","args":{}}
2025-05-14 23:27:09.007 [main] INFO  org.example.clientUtils.ConnectionManager - Received from /127.0.0.1:6789: {"responseType":"SYSTEM","message":"Pong"}
2025-05-14 23:27:09.010 [main] INFO  Console - Initializing console commands
2025-05-14 23:27:09.010 [main] INFO  org.example.clientUtils.ConnectionManager - Sending to localhost:6789: {"requestType":"INITIALIZATION","message":"","args":{}}
2025-05-14 23:27:09.012 [main] INFO  org.example.clientUtils.ConnectionManager - Received from /127.0.0.1:6789: {"responseType":"SYSTEM","message":"{\"commands\":{\"add\":\"Adds a new vehicle to the collection\",\"add_if_max\":\"Adds a new vehicle to collection if it's max\",\"avg_of_eng_pw\":\"Returns average engine power of the all collection\",\"clear\":\"Clears the collection\",\"count_gr_than_eng_pw\":\"Return a quantity of objects, which have engPw greater than given\",\"info\":\"Returns info about collection\",\"min_by_fuel\":\"Returns object that is min by fuel type\",\"remove_at\":\"Removes an object from collection with given index\",\"remove_by_id\":\"Removes an object from the collection with given id\",\"remove_greater\":\"Removes all items from collection that have greater engPW than given\",\"show\":\"Returns info about all items from the collection\",\"update_id\":\"Updates a field from item with given id\"},\"arguments\":{\"add\":\"{\\\"vehicle\\\":\\\"Vehicle\\\"}\",\"add_if_max\":\"{\\\"vehicle\\\":\\\"Vehicle\\\"}\",\"avg_of_eng_pw\":\"{}\",\"clear\":\"{}\",\"count_gr_than_eng_pw\":\"{\\\"engPw\\\":\\\"Float\\\"}\",\"info\":\"{}\",\"min_by_fuel\":\"{}\",\"remove_at\":\"{\\\"index\\\":\\\"Int\\\"}\",\"remove_by_id\":\"{\\\"index\\\":\\\"Int\\\"}\",\"remove_greater\":\"{\\\"engPw\\\":\\\"Float\\\"}\",\"show\":\"{}\",\"update_id\":\"{\\\"id\\\":\\\"Int\\\",\\\"field\\\":\\\"String\\\",\\\"value\\\":\\\"String\\\"}\"}}"}
2025-05-14 23:27:09.014 [main] INFO  Console - Registering basic commands
2025-05-14 23:27:09.014 [main] INFO  Console - Connected successfully
2025-05-14 23:27:09.014 [main] INFO  Console - Starting an interactive mode
2025-05-14 23:27:11.566 [main] INFO  org.example.clientUtils.ConnectionManager - Sending to localhost:6789: {"requestType":"COMMAND_EXEC","message":"info","args":{}}
2025-05-14 23:27:11.574 [main] INFO  org.example.clientUtils.ConnectionManager - Received from /127.0.0.1:6789: {"responseType":"OK","message":"Информация о коллекции:\nТип: SynchronizedRandomAccessList<Vehicle>\nДата инициализации: 2025-05-14\nКол-во элементов: 10"}
2025-05-20 20:24:02.011 [main] INFO  Console - Trying to connect...
2025-05-20 20:24:02.030 [main] INFO  org.example.clientUtils.ConnectionManager - Sending to localhost:6789: {"requestType":"PING","message":"Ping","args":{}}
2025-05-20 20:24:07.044 [main] ERROR org.example.clientUtils.ConnectionManager - Ping failed - `5000.0`: Receive timed out
2025-05-20 20:24:10.094 [main] INFO  Console - Registering basic commands
2025-05-20 20:24:10.096 [main] INFO  Console - Starting an interactive mode
2025-05-24 19:51:43.346 [main] INFO  Console - Trying to connect...
2025-05-24 19:51:43.378 [main] INFO  org.example.clientUtils.ConnectionManager - Sending to localhost:6789: {"requestType":"PING","message":"Ping","args":{}}
2025-05-24 19:51:48.386 [main] ERROR org.example.clientUtils.ConnectionManager - Ping failed - `5000.0`: Receive timed out
2025-05-24 19:52:08.670 [main] INFO  Console - Trying to connect...
2025-05-24 19:52:08.671 [main] INFO  org.example.clientUtils.ConnectionManager - Sending to localhost:6789: {"requestType":"PING","message":"Ping","args":{}}
2025-05-24 19:52:13.673 [main] ERROR org.example.clientUtils.ConnectionManager - Ping failed - `5000.0`: Receive timed out
2025-05-24 19:52:22.075 [main] INFO  Console - Trying to connect...
2025-05-24 19:52:22.078 [main] INFO  org.example.clientUtils.ConnectionManager - Sending to localhost:6789: {"requestType":"PING","message":"Ping","args":{}}
2025-05-24 19:52:27.079 [main] ERROR org.example.clientUtils.ConnectionManager - Ping failed - `5000.0`: Receive timed out
2025-05-24 19:52:58.575 [main] INFO  Console - Registering basic commands
2025-05-24 19:52:58.577 [main] INFO  Console - Starting an interactive mode
2025-05-24 19:59:34.753 [main] INFO  Console - Trying to connect...
2025-05-24 19:59:34.791 [main] INFO  org.example.clientUtils.ConnectionManager - Sending to localhost:6789: {"requestType":"PING","message":"Ping","args":{}}
2025-05-24 19:59:39.803 [main] ERROR org.example.clientUtils.ConnectionManager - Ping failed - `5000.0`: Receive timed out
2025-05-24 19:59:43.543 [main] INFO  Console - Trying to connect...
2025-05-24 19:59:43.544 [main] INFO  org.example.clientUtils.ConnectionManager - Sending to localhost:6789: {"requestType":"PING","message":"Ping","args":{}}
2025-05-24 19:59:48.545 [main] ERROR org.example.clientUtils.ConnectionManager - Ping failed - `5000.0`: Receive timed out
2025-05-24 20:05:10.678 [main] INFO  Console - Trying to connect...
2025-05-24 20:05:10.707 [main] INFO  org.example.clientUtils.ConnectionManager - Sending to localhost:6789: {"requestType":"PING","message":"Ping","args":{"sender":"localhost"}}
2025-05-24 20:05:15.722 [main] ERROR org.example.clientUtils.ConnectionManager - Ping failed - `5000.0`: Receive timed out
2025-05-24 20:05:37.702 [main] INFO  Console - Trying to connect...
2025-05-24 20:05:37.704 [main] INFO  org.example.clientUtils.ConnectionManager - Sending to localhost:6789: {"requestType":"PING","message":"Ping","args":{"sender":"localhost"}}
2025-05-24 20:05:37.746 [main] INFO  org.example.clientUtils.ConnectionManager - Received from /127.0.0.1:6789: {"responseType":"SYSTEM","message":"Pong","receiver":"localhost"}
2025-05-24 20:05:49.934 [main] INFO  org.example.clientUtils.ConnectionManager - Sending to localhost:6789: {"requestType":"UNKNOWN","message":"","args":{}}
2025-05-24 20:08:01.470 [main] INFO  Console - Trying to connect...
2025-05-24 20:08:01.513 [main] INFO  org.example.clientUtils.ConnectionManager - Sending to localhost:6789: {"requestType":"PING","message":"Ping","args":{"sender":"localhost"}}
2025-05-24 20:08:06.529 [main] ERROR org.example.clientUtils.ConnectionManager - Ping failed - `5000.0`: Receive timed out
2025-05-24 20:08:12.553 [main] INFO  Console - Trying to connect...
2025-05-24 20:08:12.554 [main] INFO  org.example.clientUtils.ConnectionManager - Sending to localhost:6789: {"requestType":"PING","message":"Ping","args":{"sender":"localhost"}}
2025-05-24 20:08:12.597 [main] INFO  org.example.clientUtils.ConnectionManager - Received from /127.0.0.1:6789: {"responseType":"SYSTEM","message":"Pong","receiver":"localhost"}
2025-05-24 20:08:19.280 [main] INFO  org.example.clientUtils.ConnectionManager - Sending to localhost:6789: {"requestType":"AUTHORIZATION","message":"","args":{"username":"mark","password":"ebal"}}
2025-05-24 20:09:22.707 [main] INFO  Console - Trying to connect...
2025-05-24 20:09:22.735 [main] INFO  org.example.clientUtils.ConnectionManager - Sending to localhost:6789: {"requestType":"PING","message":"Ping","args":{"sender":"localhost"}}
2025-05-24 20:09:22.742 [main] INFO  org.example.clientUtils.ConnectionManager - Received from /127.0.0.1:6789: {"responseType":"SYSTEM","message":"Pong","receiver":"localhost"}
2025-05-24 20:09:34.274 [main] INFO  org.example.clientUtils.ConnectionManager - Sending to localhost:6789: {"requestType":"AUTHORIZATION","message":"","args":{"username":"mark","password":"eblan"}}
2025-05-24 20:13:17.239 [main] INFO  Console - Trying to connect...
2025-05-24 20:13:17.291 [main] INFO  org.example.clientUtils.ConnectionManager - Sending to localhost:6789: {"requestType":"PING","message":"Ping","args":{"sender":"localhost"}}
2025-05-24 20:13:22.307 [main] ERROR org.example.clientUtils.ConnectionManager - Ping failed - `5000.0`: Receive timed out
2025-05-24 20:13:37.191 [main] INFO  Console - Trying to connect...
2025-05-24 20:13:37.193 [main] INFO  org.example.clientUtils.ConnectionManager - Sending to localhost:6789: {"requestType":"PING","message":"Ping","args":{"sender":"localhost"}}
2025-05-24 20:13:37.231 [main] INFO  org.example.clientUtils.ConnectionManager - Received from /127.0.0.1:6789: {"responseType":"SYSTEM","message":"Pong","receiver":"localhost"}
2025-05-24 20:13:52.818 [main] INFO  org.example.clientUtils.ConnectionManager - Sending to localhost:6789: {"requestType":"AUTHORIZATION","message":"","args":{"username":"mark","password":"e"}}
2025-05-24 20:13:57.821 [main] ERROR Console - Receive timed out
2025-05-24 20:17:20.634 [main] INFO  Console - Trying to connect...
2025-05-24 20:17:20.661 [main] INFO  org.example.clientUtils.ConnectionManager - Sending to localhost:6789: {"requestType":"PING","message":"Ping","args":{"sender":"localhost"}}
2025-05-24 20:17:25.670 [main] ERROR org.example.clientUtils.ConnectionManager - Ping failed - `5000.0`: Receive timed out
2025-05-24 20:17:46.765 [main] INFO  Console - Trying to connect...
2025-05-24 20:17:46.766 [main] INFO  org.example.clientUtils.ConnectionManager - Sending to localhost:6789: {"requestType":"PING","message":"Ping","args":{"sender":"localhost"}}
2025-05-24 20:17:51.768 [main] ERROR org.example.clientUtils.ConnectionManager - Ping failed - `5000.0`: Receive timed out
2025-05-24 20:17:54.715 [main] INFO  Console - Trying to connect...
2025-05-24 20:17:54.717 [main] INFO  org.example.clientUtils.ConnectionManager - Sending to localhost:6789: {"requestType":"PING","message":"Ping","args":{"sender":"localhost"}}
2025-05-24 20:17:54.758 [main] INFO  org.example.clientUtils.ConnectionManager - Received from /127.0.0.1:6789: {"responseType":"SYSTEM","message":"Pong","receiver":"localhost"}
2025-05-24 20:18:10.997 [main] INFO  org.example.clientUtils.ConnectionManager - Sending to localhost:6789: {"requestType":"AUTHORIZATION","message":"","args":{"username":"fadsf","password":"fsadf"}}
2025-05-24 20:18:15.999 [main] ERROR Console - Receive timed out
2025-05-24 20:20:56.603 [main] INFO  Console - Trying to connect...
2025-05-24 20:20:56.629 [main] INFO  org.example.clientUtils.ConnectionManager - Sending to localhost:6789: {"requestType":"PING","message":"Ping","args":{"sender":"localhost"}}
2025-05-24 20:21:01.639 [main] ERROR org.example.clientUtils.ConnectionManager - Ping failed - `5000.0`: Receive timed out
2025-05-24 20:21:28.361 [main] INFO  Console - Trying to connect...
2025-05-24 20:21:28.363 [main] INFO  org.example.clientUtils.ConnectionManager - Sending to localhost:6789: {"requestType":"PING","message":"Ping","args":{"sender":"localhost"}}
2025-05-24 20:21:28.398 [main] INFO  org.example.clientUtils.ConnectionManager - Received from /127.0.0.1:6789: {"responseType":"SYSTEM","message":"Pong","receiver":"localhost"}
2025-05-24 20:21:35.668 [main] INFO  org.example.clientUtils.ConnectionManager - Sending to localhost:6789: {"requestType":"AUTHORIZATION","message":"","args":{"username":"goida","password":"sex"}}
2025-05-24 20:21:40.670 [main] ERROR Console - Receive timed out
2025-05-25 00:57:25.035 [main] INFO  Console - Trying to connect...
2025-05-25 00:57:25.062 [main] INFO  org.example.clientUtils.ConnectionManager - Sending to localhost:6789: {"requestType":"PING","message":"Ping","args":{"sender":"localhost"}}
2025-05-25 00:57:25.071 [main] INFO  org.example.clientUtils.ConnectionManager - Received from /127.0.0.1:6789: {"responseType":"SYSTEM","message":"Pong","receiver":"localhost"}
2025-05-25 00:57:59.003 [main] INFO  org.example.clientUtils.ConnectionManager - Sending to localhost:6789: {"requestType":"AUTHORIZATION","message":"","args":{"username":"mark","password":"sex"}}
2025-05-25 00:58:04.005 [main] ERROR Console - Receive timed out
2025-05-25 00:58:15.975 [main] INFO  Console - Trying to connect...
2025-05-25 00:58:16.006 [main] INFO  org.example.clientUtils.ConnectionManager - Sending to localhost:6789: {"requestType":"PING","message":"Ping","args":{"sender":"localhost"}}
2025-05-25 00:59:40.502 [main] INFO  Console - Trying to connect...
2025-05-25 00:59:40.535 [main] INFO  org.example.clientUtils.ConnectionManager - Sending to localhost:6789: {"requestType":"PING","message":"Ping","args":{"sender":"localhost"}}
2025-05-25 00:59:45.549 [main] ERROR org.example.clientUtils.ConnectionManager - Ping failed - `5000.0`: Receive timed out
2025-05-25 00:59:47.099 [main] INFO  Console - Trying to connect...
2025-05-25 00:59:47.100 [main] INFO  org.example.clientUtils.ConnectionManager - Sending to localhost:6789: {"requestType":"PING","message":"Ping","args":{"sender":"localhost"}}
2025-05-25 00:59:52.102 [main] ERROR org.example.clientUtils.ConnectionManager - Ping failed - `5000.0`: Receive timed out
2025-05-25 00:59:56.089 [main] INFO  Console - Trying to connect...
2025-05-25 00:59:56.091 [main] INFO  org.example.clientUtils.ConnectionManager - Sending to localhost:6789: {"requestType":"PING","message":"Ping","args":{"sender":"localhost"}}
2025-05-25 01:00:01.092 [main] ERROR org.example.clientUtils.ConnectionManager - Ping failed - `5000.0`: Receive timed out
2025-05-25 01:00:18.299 [main] INFO  Console - Trying to connect...
2025-05-25 01:00:18.329 [main] INFO  org.example.clientUtils.ConnectionManager - Sending to localhost:6789: {"requestType":"PING","message":"Ping","args":{"sender":"localhost"}}
2025-05-25 01:00:23.343 [main] ERROR org.example.clientUtils.ConnectionManager - Ping failed - `5000.0`: Receive timed out
2025-05-25 01:00:35.594 [main] INFO  Console - Trying to connect...
2025-05-25 01:00:35.596 [main] INFO  org.example.clientUtils.ConnectionManager - Sending to localhost:6789: {"requestType":"PING","message":"Ping","args":{"sender":"localhost"}}
2025-05-25 01:00:35.633 [main] INFO  org.example.clientUtils.ConnectionManager - Received from /127.0.0.1:6789: {"responseType":"SYSTEM","message":"Pong","receiver":"localhost"}
2025-05-25 01:00:52.902 [main] INFO  org.example.clientUtils.ConnectionManager - Sending to localhost:6789: {"requestType":"AUTHORIZATION","message":"","args":{"username":"mark","password":"sks"}}
2025-05-25 01:00:57.905 [main] ERROR Console - Receive timed out
2025-05-25 01:05:47.707 [main] INFO  Console - Trying to connect...
2025-05-25 01:05:47.734 [main] INFO  org.example.clientUtils.ConnectionManager - Sending to localhost:6789: {"requestType":"PING","message":"Ping","args":{"sender":"localhost"}}
2025-05-25 01:05:52.751 [main] ERROR org.example.clientUtils.ConnectionManager - Ping failed - `5000.0`: Receive timed out
2025-05-25 01:06:06.963 [main] INFO  Console - Trying to connect...
2025-05-25 01:06:06.963 [main] INFO  org.example.clientUtils.ConnectionManager - Sending to localhost:6789: {"requestType":"PING","message":"Ping","args":{"sender":"localhost"}}
2025-05-25 01:06:07.004 [main] INFO  org.example.clientUtils.ConnectionManager - Received from /127.0.0.1:6789: {"responseType":"SYSTEM","message":"Pong","receiver":"localhost"}
2025-05-25 01:06:10.126 [main] INFO  org.example.clientUtils.ConnectionManager - Sending to localhost:6789: {"requestType":"AUTHORIZATION","message":"","args":{"username":"mark","password":"fasf"}}
2025-05-25 01:06:15.128 [main] ERROR Console - Receive timed out
2025-05-25 01:09:07.033 [main] INFO  Console - Trying to connect...
2025-05-25 01:09:07.062 [main] INFO  org.example.clientUtils.ConnectionManager - Sending to localhost:6789: {"requestType":"PING","message":"Ping","args":{"sender":"localhost"}}
2025-05-25 01:09:12.075 [main] ERROR org.example.clientUtils.ConnectionManager - Ping failed - `10000.0`: Receive timed out
2025-05-25 01:09:18.558 [main] INFO  Console - Trying to connect...
2025-05-25 01:09:18.559 [main] INFO  org.example.clientUtils.ConnectionManager - Sending to localhost:6789: {"requestType":"PING","message":"Ping","args":{"sender":"localhost"}}
2025-05-25 01:09:18.597 [main] INFO  org.example.clientUtils.ConnectionManager - Received from /127.0.0.1:6789: {"responseType":"SYSTEM","message":"Pong","receiver":"localhost"}
2025-05-25 01:09:26.099 [main] INFO  org.example.clientUtils.ConnectionManager - Sending to localhost:6789: {"requestType":"AUTHORIZATION","message":"","args":{"username":"goida","password":"sex"}}
2025-05-25 01:09:31.101 [main] ERROR Console - Receive timed out
2025-05-25 01:13:25.748 [main] INFO  Console - Trying to connect...
2025-05-25 01:13:25.776 [main] INFO  org.example.clientUtils.ConnectionManager - Sending to localhost:6789: {"requestType":"PING","message":"Ping","args":{"sender":"localhost"},"sender":""}
2025-05-25 01:13:25.819 [main] INFO  org.example.clientUtils.ConnectionManager - Received from /127.0.0.1:6789: {"responseType":"SYSTEM","message":"Pong","receiver":"localhost"}
2025-05-25 01:13:39.386 [main] INFO  org.example.clientUtils.ConnectionManager - Sending to localhost:6789: {"requestType":"AUTHORIZATION","message":"","args":{"username":"mark","password":"fffd"},"sender":"mark"}
2025-05-25 01:13:44.388 [main] ERROR Console - Receive timed out
2025-05-25 01:17:09.126 [main] INFO  Console - Trying to connect...
2025-05-25 01:17:09.160 [main] INFO  org.example.clientUtils.ConnectionManager - Sending to localhost:6789: {"requestType":"PING","message":"Ping","args":{"sender":"localhost"},"sender":""}
2025-05-25 01:17:14.173 [main] ERROR org.example.clientUtils.ConnectionManager - Ping failed - `10000.0`: Receive timed out
2025-05-25 01:17:25.566 [main] INFO  Console - Trying to connect...
2025-05-25 01:17:25.567 [main] INFO  org.example.clientUtils.ConnectionManager - Sending to localhost:6789: {"requestType":"PING","message":"Ping","args":{"sender":"localhost"},"sender":""}
2025-05-25 01:17:25.607 [main] INFO  org.example.clientUtils.ConnectionManager - Received from /127.0.0.1:6789: {"responseType":"SYSTEM","message":"Pong","receiver":"localhost"}
2025-05-25 01:17:30.013 [main] INFO  org.example.clientUtils.ConnectionManager - Sending to localhost:6789: {"requestType":"AUTHORIZATION","message":"","args":{"username":"adfasf","password":"3232"},"sender":"adfasf"}
2025-05-25 01:17:35.016 [main] ERROR Console - Receive timed out
